[03:19:35] [main/INFO] (FabricLoader/GameProvider) Loading Minecraft 1.19 with Fabric Loader 0.14.6
[03:19:35] [main/INFO] (FabricLoader) Loading 47 mods:
	- architectury 5.7.28
	- cloth-basic-math 0.6.1
	- cloth-config 7.0.69
	- fabric 0.55.2+1.19
	- fabric-api-base 0.4.8+e62f51a357
	- fabric-api-lookup-api-v1 1.6.5+9ff28f4057
	- fabric-biome-api-v1 9.0.11+e62f51a357
	- fabric-blockrenderlayer-v1 1.1.17+9ff28f4057
	- fabric-command-api-v2 2.1.0+cda9839ba9
	- fabric-content-registries-v0 3.0.15+9ff28f4057
	- fabric-convention-tags-v1 1.0.7+37622d2457
	- fabric-crash-report-info-v1 0.2.2+bd0a0d4aa9
	- fabric-data-generation-api-v1 5.0.0+2a5b921057
	- fabric-dimensions-v1 2.1.26+72da3b3da9
	- fabric-entity-events-v1 1.4.15+9ff28f4057
	- fabric-events-interaction-v0 0.4.25+9ff28f4057
	- fabric-game-rule-api-v1 1.0.18+1899036157
	- fabric-gametest-api-v1 1.0.29+e62f51a357
	- fabric-item-api-v1 1.5.3+767db26ea9
	- fabric-item-groups-v0 0.3.22+9ff28f4057
	- fabric-key-binding-api-v1 1.0.17+9ff28f4057
	- fabric-lifecycle-events-v1 2.0.8+21a5acaaa9
	- fabric-loot-api-v2 1.0.0+9e7660c657
	- fabric-message-api-v1 1.0.0+513f4a5957
	- fabric-mining-level-api-v1 2.1.6+9ff28f4057
	- fabric-models-v0 0.3.14+9ff28f4057
	- fabric-networking-api-v1 1.0.26+7fe9740957
	- fabric-object-builder-api-v1 4.0.4+9ff28f4057
	- fabric-particles-v1 1.0.7+9ff28f4057
	- fabric-registry-sync-v0 0.9.15+92cf9a3ea9
	- fabric-renderer-api-v1 1.0.7+9ff28f4057
	- fabric-renderer-indigo 0.6.5+9ff28f4057
	- fabric-rendering-data-attachment-v1 0.3.11+9ff28f4057
	- fabric-rendering-fluids-v1 3.0.4+9ff28f4057
	- fabric-rendering-v1 1.10.13+9ff28f4057
	- fabric-resource-conditions-api-v1 2.0.8+e62f51a357
	- fabric-resource-loader-v0 0.5.2+9e7660c657
	- fabric-screen-api-v1 1.0.22+9ff28f4057
	- fabric-screen-handler-api-v1 1.2.5+9ff28f4057
	- fabric-textures-v0 1.0.17+9ff28f4057
	- fabric-transfer-api-v1 2.0.7+e62f51a357
	- fabric-transitive-access-wideners-v1 1.1.0+9e7660c657
	- fabricloader 0.14.6
	- java 17
	- minecraft 1.19
	- polarmachinery 1.0.0
	- roughlyenoughitems 9.1.517
[03:19:35] [main/INFO] (FabricLoader/Mixin) SpongePowered MIXIN Subsystem Version=0.8.5 Source=file:/Users/rnsug/.gradle/caches/modules-2/files-2.1/net.fabricmc/sponge-mixin/0.11.4+mixin.0.8.5/c1dc27696aa4006e492c2485c9ccbcb26045a971/sponge-mixin-0.11.4+mixin.0.8.5.jar Service=Knot/Fabric Env=CLIENT
[03:19:36] [main/INFO] (FabricLoader/Mixin) Loaded Fabric development mappings for mixin remapper!
[03:19:36] [main/INFO] (FabricLoader/Mixin) Compatibility level set to JAVA_16
[03:19:36] [main/INFO] (FabricLoader/Mixin) Compatibility level set to JAVA_17
[03:19:38] [main/WARN] (FileUtil) Configuration conflict: there is more than one oshi.properties file on the classpath
[03:19:38] [main/WARN] (FileUtil) Configuration conflict: there is more than one oshi.architecture.properties file on the classpath
[03:19:43] [main/INFO] (Minecraft) Building optimized datafixer
[03:19:53] [Render thread/INFO] (Minecraft) Environment: authHost='https://authserver.mojang.com', accountsHost='https://api.mojang.com', sessionHost='https://sessionserver.mojang.com', servicesHost='https://api.minecraftservices.com', name='PROD'
[03:19:55] [Render thread/ERROR] (Minecraft) Failed to verify authentication
com.mojang.authlib.exceptions.InvalidCredentialsException: Status: 401
	at com.mojang.authlib.exceptions.MinecraftClientHttpException.toAuthenticationException(MinecraftClientHttpException.java:56) ~[authlib-3.5.41.jar:?]
	at com.mojang.authlib.yggdrasil.YggdrasilUserApiService.fetchProperties(YggdrasilUserApiService.java:140) ~[authlib-3.5.41.jar:?]
	at com.mojang.authlib.yggdrasil.YggdrasilUserApiService.<init>(YggdrasilUserApiService.java:47) ~[authlib-3.5.41.jar:?]
	at com.mojang.authlib.yggdrasil.YggdrasilAuthenticationService.createUserApiService(YggdrasilAuthenticationService.java:158) ~[authlib-3.5.41.jar:?]
	at net.minecraft.client.MinecraftClient.createUserApiService(MinecraftClient.java:677) [minecraft-project-@-merged-named.jar:?]
	at net.minecraft.client.MinecraftClient.<init>(MinecraftClient.java:415) [minecraft-project-@-merged-named.jar:?]
	at net.minecraft.client.main.Main.main(Main.java:198) [minecraft-project-@-merged-named.jar:?]
	at net.fabricmc.loader.impl.game.minecraft.MinecraftGameProvider.launch(MinecraftGameProvider.java:460) [fabric-loader-0.14.6.jar:?]
	at net.fabricmc.loader.impl.launch.knot.Knot.launch(Knot.java:74) [fabric-loader-0.14.6.jar:?]
	at net.fabricmc.loader.impl.launch.knot.KnotClient.main(KnotClient.java:23) [fabric-loader-0.14.6.jar:?]
	at net.fabricmc.devlaunchinjector.Main.main(Main.java:86) [dev-launch-injector-0.2.1+build.8.jar:?]
Caused by: com.mojang.authlib.exceptions.MinecraftClientHttpException: Status: 401
	at com.mojang.authlib.minecraft.client.MinecraftClient.readInputStream(MinecraftClient.java:85) ~[authlib-3.5.41.jar:?]
	at com.mojang.authlib.minecraft.client.MinecraftClient.get(MinecraftClient.java:48) ~[authlib-3.5.41.jar:?]
	at com.mojang.authlib.yggdrasil.YggdrasilUserApiService.fetchProperties(YggdrasilUserApiService.java:121) ~[authlib-3.5.41.jar:?]
	... 9 more
[03:19:55] [Render thread/INFO] (Minecraft) Setting user: Player456
[03:19:57] [Render thread/INFO] (REI) [REI] Config loaded.
[03:19:57] [Render thread/INFO] (REI) [REI] Registered plugin provider DefaultPlugin [roughlyenoughitems] for REIPlugin
[03:19:57] [Render thread/INFO] (REI) [REI] Registered plugin provider DefaultRuntimePlugin [roughlyenoughitems] for REIPlugin
[03:19:57] [Render thread/INFO] (REI) [REI] Registered plugin provider DefaultClientPlugin [roughlyenoughitems] for REIPlugin
[03:19:57] [Render thread/INFO] (REI) [REI] Registered plugin provider DefaultClientRuntimePlugin [roughlyenoughitems] for REIPlugin
[03:19:57] [Render thread/INFO] (REI) [REI] Registered plugin provider DefaultPlugin [roughlyenoughitems] for REIServerPlugin
[03:19:57] [Render thread/INFO] (REI) [REI] Registered plugin provider DefaultRuntimePlugin [roughlyenoughitems] for REIServerPlugin
[03:19:57] [Render thread/INFO] (REI) [REI] Registered plugin provider FabricFluidAPISupportPlugin for REIServerPlugin
[03:19:57] [Render thread/INFO] (REI) [REI] Registered plugin provider FabricFluidAPISupportPlugin for REIPlugin
[03:19:58] [Render thread/INFO] (Indigo) [Indigo] Registering Indigo renderer!
[03:19:59] [Render thread/INFO] (REI) [REI] Registered plugin provider DefaultClientPlugin [roughlyenoughitems] for REIClientPlugin
[03:19:59] [Render thread/INFO] (REI) [REI] Registered plugin provider DefaultClientRuntimePlugin [roughlyenoughitems] for REIClientPlugin
[03:19:59] [Render thread/INFO] (Minecraft) Backend library: LWJGL version 3.3.1 SNAPSHOT
[03:20:02] [Render thread/INFO] (Minecraft) Reloading ResourceManager: Default, Fabric Mods (Fabric Renderer - Indigo, Fabric Crash Report Info (v1), Fabric Content Registries (v0), Fabric Renderer API (v1), Fabric API Lookup API (v1), Fabric Entity Events (v1), Fabric Networking API (v1), Fabric Registry Sync (v0), Fabric Item API (v1), Fabric Screen API (v1), Fabric Game Test API (v1), Fabric Events Interaction (v0), Fabric Convention Tags, Fabric Game Rule API (v1), Fabric Lifecycle Events (v1), Fabric BlockRenderLayer Registration (v1), Fabric Loader, Fabric Rendering Fluids (v1), Fabric Dimensions API (v1), Fabric Mining Level API (v1), Roughly Enough Items, Fabric Loot API (v2), Fabric Object Builder API (v1), Fabric Textures (v0), Fabric API, Fabric Data Generation API (v1), Fabric Biome API (v1), Fabric Rendering (v1), Fabric Resource Loader (v0), Fabric Screen Handler API (v1), Fabric Transfer API (v1), Fabric Rendering Data Attachment (v1), Fabric Key Binding API (v1), Fabric Particles (v1), Fabric Command API (v2), Polarmachinery, Fabric API Base, Fabric Item Groups (v0), Fabric Resource Conditions API (v1), Cloth Config v6, Fabric Message API (v1), Fabric Models (v0), Fabric Transitive Access Wideners (v1))
[03:20:02] [Worker-Main-10/ERROR] (Minecraft) Failed to retrieve profile key pair
java.io.IOException: Could not retrieve profile key pair
	at net.minecraft.client.util.ProfileKeys.fetchKeyPair(ProfileKeys.java:112) ~[minecraft-project-@-merged-named.jar:?]
	at net.minecraft.client.util.ProfileKeys.method_44291(ProfileKeys.java:56) ~[minecraft-project-@-merged-named.jar:?]
	at java.util.concurrent.CompletableFuture$AsyncSupply.run$$$capture(CompletableFuture.java:1768) [?:?]
	at java.util.concurrent.CompletableFuture$AsyncSupply.run(CompletableFuture.java) [?:?]
	at java.util.concurrent.CompletableFuture$AsyncSupply.exec(CompletableFuture.java:1760) [?:?]
	at java.util.concurrent.ForkJoinTask.doExec$$$capture(ForkJoinTask.java:373) [?:?]
	at java.util.concurrent.ForkJoinTask.doExec(ForkJoinTask.java) [?:?]
	at java.util.concurrent.ForkJoinPool$WorkQueue.topLevelExec(ForkJoinPool.java:1182) [?:?]
	at java.util.concurrent.ForkJoinPool.scan(ForkJoinPool.java:1655) [?:?]
	at java.util.concurrent.ForkJoinPool.runWorker(ForkJoinPool.java:1622) [?:?]
	at java.util.concurrent.ForkJoinWorkerThread.run(ForkJoinWorkerThread.java:165) [?:?]
[03:20:05] [Realms Notification Availability checker #1/INFO] (Minecraft) Could not authorize you against Realms server: Invalid session id
[03:20:08] [Worker-Main-13/WARN] (Minecraft) Exception loading blockstate definition: 'polarmachinery:blockstates/thermal_pipe.json' missing model for variant: 'polarmachinery:thermal_pipe#'
[03:20:08] [Worker-Main-13/WARN] (Minecraft) Exception loading blockstate definition: 'polarmachinery:blockstates/burner.json' missing model for variant: 'polarmachinery:burner#'
[03:20:08] [Worker-Main-13/WARN] (Minecraft) Unable to load model: 'polarmachinery:burner#inventory' referenced from: polarmachinery:burner#inventory: java.io.FileNotFoundException: polarmachinery:models/item/burner.json
[03:20:08] [Worker-Main-13/WARN] (Minecraft) Unable to load model: 'polarmachinery:thermal_pipe#inventory' referenced from: polarmachinery:thermal_pipe#inventory: java.io.FileNotFoundException: polarmachinery:models/item/thermal_pipe.json
[03:20:10] [Worker-Main-14/ERROR] (Minecraft) Using missing texture, file polarmachinery:textures/item/applicator.png not found
[03:20:11] [Render thread/WARN] (Minecraft) Missing sound for event: minecraft:item.goat_horn.play
[03:20:11] [Render thread/WARN] (Minecraft) Missing sound for event: minecraft:entity.goat.screaming.horn_break
[03:20:11] [Worker-Bootstrap-6/INFO] (Minecraft) 4256 Datafixer optimizations took 27147 milliseconds
[03:20:11] [Render thread/INFO] (Minecraft) OpenAL initialized on device CoreAudio Default
[03:20:11] [Render thread/INFO] (Minecraft) Sound engine started
[03:20:11] [Render thread/INFO] (Minecraft) Created: 1024x1024x4 minecraft:textures/atlas/blocks.png-atlas
[03:20:11] [Render thread/INFO] (Minecraft) Created: 256x128x4 minecraft:textures/atlas/signs.png-atlas
[03:20:11] [Render thread/INFO] (Minecraft) Created: 1024x512x4 minecraft:textures/atlas/banner_patterns.png-atlas
[03:20:11] [Render thread/INFO] (Minecraft) Created: 1024x512x4 minecraft:textures/atlas/shield_patterns.png-atlas
[03:20:11] [Render thread/INFO] (Minecraft) Created: 256x256x4 minecraft:textures/atlas/chest.png-atlas
[03:20:11] [Render thread/INFO] (Minecraft) Created: 512x256x4 minecraft:textures/atlas/beds.png-atlas
[03:20:11] [Render thread/INFO] (Minecraft) Created: 512x256x4 minecraft:textures/atlas/shulker_boxes.png-atlas
[03:20:12] [Render thread/WARN] (Minecraft) Shader rendertype_entity_translucent_emissive could not find sampler named Sampler2 in the specified shader program.
[03:20:12] [Render thread/INFO] (Minecraft) Created: 512x256x0 minecraft:textures/atlas/particles.png-atlas
[03:20:12] [Render thread/INFO] (Minecraft) Created: 256x256x0 minecraft:textures/atlas/paintings.png-atlas
[03:20:12] [Render thread/INFO] (Minecraft) Created: 256x128x0 minecraft:textures/atlas/mob_effects.png-atlas
[03:20:19] [Worker-Main-13/INFO] (REI) [REI] Processed 5 tags in 2.763 ms for minecraft:enchantment
[03:20:19] [Worker-Main-15/INFO] (REI) [REI] Processed 5 tags in 1.336 ms for minecraft:game_event
[03:20:19] [Worker-Main-12/INFO] (REI) [REI] Processed 0 tags in 25.46 μs for minecraft:worldgen/flat_level_generator_preset
[03:20:19] [Worker-Main-17/INFO] (REI) [REI] Processed 4 tags in 9.958 μs for minecraft:fluid
[03:20:19] [Worker-Main-16/INFO] (REI) [REI] Processed 0 tags in 5.041 μs for minecraft:worldgen/structure
[03:20:19] [Worker-Main-18/INFO] (REI) [REI] Processed 0 tags in 6.917 μs for minecraft:worldgen/world_preset
[03:20:19] [Worker-Main-14/INFO] (REI) [REI] Processed 14 tags in 38.88 μs for minecraft:entity_type
[03:20:19] [Worker-Main-15/INFO] (REI) [REI] Processed 1 tags in 14.63 μs for minecraft:painting_variant
[03:20:19] [Worker-Main-16/INFO] (REI) [REI] Processed 3 tags in 369.7 μs for minecraft:point_of_interest_type
[03:20:19] [Worker-Main-10/INFO] (REI) [REI] Processed 0 tags in 32.33 μs for minecraft:worldgen/biome
[03:20:19] [Worker-Main-13/INFO] (REI) [REI] Processed 129 tags in 536.3 μs for minecraft:item
[03:20:19] [Worker-Main-11/INFO] (REI) [REI] Processed 159 tags in 1.797 ms for minecraft:block
[03:20:19] [Worker-Main-11/INFO] (REI) [REI] Processed 7 tags in 573.7 μs for minecraft:banner_pattern
[03:20:19] [Worker-Main-10/INFO] (REI) [REI] Processed 2 tags in 10.58 μs for minecraft:cat_variant
[03:20:19] [Worker-Main-15/INFO] (REI) [REI] Processed 3 tags in 641.7 μs for minecraft:instrument
[03:20:19] [Render thread/INFO] (Minecraft) Loaded 7 recipes
[03:20:20] [Render thread/INFO] (Minecraft) Loaded 1179 advancements
[03:20:21] [Render thread/INFO] (BiomeModificationImpl) Applied 0 biome modifications to 0 of 63 new biomes in 4.468 ms
[03:20:21] [Server thread/INFO] (Minecraft) Starting integrated minecraft server version 1.19
[03:20:21] [Server thread/INFO] (Minecraft) Generating keypair
[03:20:22] [Server thread/INFO] (Minecraft) Preparing start region for dimension minecraft:overworld
[03:20:26] [Render thread/INFO] (Minecraft) Preparing spawn area: 0%
[03:20:26] [Render thread/INFO] (Minecraft) Preparing spawn area: 0%
[03:20:26] [Render thread/INFO] (Minecraft) Preparing spawn area: 0%
[03:20:26] [Render thread/INFO] (Minecraft) Preparing spawn area: 0%
[03:20:26] [Render thread/INFO] (Minecraft) Preparing spawn area: 0%
[03:20:26] [Render thread/INFO] (Minecraft) Preparing spawn area: 0%
[03:20:26] [Render thread/INFO] (Minecraft) Preparing spawn area: 0%
[03:20:26] [Render thread/INFO] (Minecraft) Preparing spawn area: 0%
[03:20:26] [Render thread/INFO] (Minecraft) Preparing spawn area: 1%
[03:20:27] [Render thread/INFO] (Minecraft) Preparing spawn area: 75%
[03:20:27] [Render thread/INFO] (Minecraft) Time elapsed: 4937 ms
[03:20:27] [Server thread/INFO] (Minecraft) Changing view distance to 12, from 10
[03:20:27] [Server thread/INFO] (Minecraft) Changing simulation distance to 12, from 0
[03:20:28] [Server thread/INFO] (Minecraft) Player456[local:E:9ddfee36] logged in with entity id 138 at (-53.63196135853096, 65.0, -80.050161338069)
[03:20:28] [Server thread/INFO] (Minecraft) Player456 joined the game
[03:20:29] [Server thread/INFO] (Minecraft) Player456 has made the advancement [Ice Bucket Challenge]
[03:20:30] [Server thread/WARN] (Minecraft) Can't keep up! Is the server overloaded? Running 2212ms or 44 ticks behind
[03:20:30] [REI-ReloadPlugins/INFO] (REI) [REI] Reloading Plugin Manager [REIPlugin] stage [START], registered 5 plugins: DefaultRuntimePlugin [roughlyenoughitems], DefaultClientRuntimePlugin [roughlyenoughitems], FabricFluidAPISupportPlugin, DefaultPlugin [roughlyenoughitems], DefaultClientPlugin [roughlyenoughitems]
[03:20:30] [REI-ReloadPlugins/INFO] (REI) [REI] Reloading Plugin Manager [REIClientPlugin] stage [START], registered 2 plugins: DefaultClientRuntimePlugin [roughlyenoughitems], DefaultClientPlugin [roughlyenoughitems]
[03:20:30] [Render thread/WARN] (REI) [REI] Suppressing Reload Plugins of stage START
[03:20:31] [REI-ReloadPlugins/INFO] (REI) [REI] Reloading Plugin Manager [REIServerPlugin] stage [START], registered 3 plugins: DefaultRuntimePlugin [roughlyenoughitems], FabricFluidAPISupportPlugin, DefaultPlugin [roughlyenoughitems]
[03:20:31] [REI-ReloadPlugins/INFO] (REI) [REI] Reloaded Plugin Manager [REIPlugin] with 2 entry types, 5 item comparators, 0 fluid comparators and 2 fluid support providers in 295ms.
[03:20:31] [REI-ReloadPlugins/INFO] (REI) [REI] Reloaded Plugin Manager [REIClientPlugin] with 1436 entries, 0 displays, 0 display visibility predicates, 0 categories (), 4 exclusion zones and 3 overlay deciders in 614ms.
[03:20:31] [REI-ReloadPlugins/INFO] (REI) [REI] Reloaded Plugin Manager [REIServerPlugin] with 0 menu infos in 25ms.
[03:20:31] [REI-ReloadPlugins/INFO] (REI) [REI] Reloading Plugin Manager [REIPlugin] stage [END], registered 5 plugins: DefaultRuntimePlugin [roughlyenoughitems], DefaultClientRuntimePlugin [roughlyenoughitems], FabricFluidAPISupportPlugin, DefaultPlugin [roughlyenoughitems], DefaultClientPlugin [roughlyenoughitems]
[03:20:31] [REI-ReloadPlugins/INFO] (REI) [REI] Reloading Plugin Manager [REIClientPlugin] stage [END], registered 2 plugins: DefaultClientRuntimePlugin [roughlyenoughitems], DefaultClientPlugin [roughlyenoughitems]
[03:20:31] [Render thread/INFO] (Minecraft) [CHAT] Player456 has made the advancement [Ice Bucket Challenge]
[03:20:31] [Render thread/INFO] (Minecraft) Loaded 26 advancements
[03:20:32] [REI-ReloadPlugins/INFO] (REI) [REI] Reloading Plugin Manager [REIServerPlugin] stage [END], registered 3 plugins: DefaultRuntimePlugin [roughlyenoughitems], FabricFluidAPISupportPlugin, DefaultPlugin [roughlyenoughitems]
[03:20:32] [REI-ReloadPlugins/INFO] (REI) [REI] Reloaded Plugin Manager [REIPlugin] with 2 entry types, 5 item comparators, 0 fluid comparators and 2 fluid support providers in 115ms.
[03:20:32] [REI-ReloadPlugins/INFO] (REI) [REI] Reloaded Plugin Manager [REIClientPlugin] with 1436 entries, 1947 displays, 1 display visibility predicates, 22 categories (Crafting, Smelting, Smoking, Blasting, Campfire, Stone Cutting, Fuel, Brewing, Composting, Stripping, Smithing, Anvil, Beacon Base, Beacon Payment, Tilling, Pathing, Waxing, Wax Scraping, Oxidizing, Oxidation Scraping, Information, Tag), 4 exclusion zones and 3 overlay deciders in 753ms.
[03:20:32] [REI-ReloadPlugins/INFO] (REI) [REI] Reloaded Plugin Manager [REIServerPlugin] with 4 menu infos in 29ms.
[03:20:45] [Server thread/INFO] (Minecraft) [STDOUT]: File delete failed! Ignore this if there was no file to begin with.
[03:20:46] [Server thread/INFO] (Minecraft) Saving and pausing game...
[03:20:46] [Server thread/INFO] (Minecraft) Saving chunks for level 'ServerLevel[Test World]'/minecraft:overworld
[03:20:46] [Server thread/INFO] (Minecraft) Saving chunks for level 'ServerLevel[Test World]'/minecraft:the_end
[03:20:46] [Server thread/INFO] (Minecraft) Saving chunks for level 'ServerLevel[Test World]'/minecraft:the_nether
[03:21:02] [Server thread/INFO] (Minecraft) Saving and pausing game...
[03:21:02] [Server thread/INFO] (Minecraft) Saving chunks for level 'ServerLevel[Test World]'/minecraft:overworld
[03:21:02] [Server thread/INFO] (Minecraft) Saving chunks for level 'ServerLevel[Test World]'/minecraft:the_end
[03:21:02] [Server thread/INFO] (Minecraft) Saving chunks for level 'ServerLevel[Test World]'/minecraft:the_nether
[03:21:09] [Server thread/INFO] (Minecraft) [STDOUT]: File delete failed! Ignore this if there was no file to begin with.
[03:21:10] [Server thread/INFO] (Minecraft) Saving and pausing game...
[03:21:10] [Server thread/INFO] (Minecraft) Saving chunks for level 'ServerLevel[Test World]'/minecraft:overworld
[03:21:10] [Server thread/INFO] (Minecraft) Saving chunks for level 'ServerLevel[Test World]'/minecraft:the_end
[03:21:10] [Server thread/INFO] (Minecraft) Saving chunks for level 'ServerLevel[Test World]'/minecraft:the_nether
[03:22:48] [Server thread/INFO] (Minecraft) [STDERR]: java.lang.ClassCastException: class java.lang.Long cannot be cast to class org.json.JSONArray (java.lang.Long is in module java.base of loader 'bootstrap'; org.json.JSONArray is in unnamed module of loader net.fabricmc.loader.impl.launch.knot.KnotClassLoader @5702b3b1)
[03:22:48] [Server thread/INFO] (Minecraft) [STDERR]: 	at com.theswirlingvoid.polarmachinery.configuration.thermalpipe.ThermalPipeConfiguration.fileMatchesPipePos(ThermalPipeConfiguration.java:160)
[03:22:48] [Server thread/INFO] (Minecraft) [STDERR]: 	at com.theswirlingvoid.polarmachinery.configuration.thermalpipe.ThermalPipeConfiguration.deleteFileWithMatchingPipe(ThermalPipeConfiguration.java:129)
[03:22:48] [Server thread/INFO] (Minecraft) [STDERR]: 	at com.theswirlingvoid.polarmachinery.block.block.thermalpipe.thermalpiperegion.ThermalPipeRegionManager.deleteRegionsIncludingPipe(ThermalPipeRegionManager.java:64)
[03:22:48] [Server thread/INFO] (Minecraft) [STDERR]: 	at com.theswirlingvoid.polarmachinery.block.block.thermalpipe.ThermalPipe.deleteLonelyPipe(ThermalPipe.java:121)
[03:22:48] [Server thread/INFO] (Minecraft) [STDERR]: 	at com.theswirlingvoid.polarmachinery.block.block.thermalpipe.ThermalPipe.onBreak(ThermalPipe.java:73)
[03:22:48] [Server thread/INFO] (Minecraft) [STDERR]: 	at net.minecraft.server.network.ServerPlayerInteractionManager.tryBreakBlock(ServerPlayerInteractionManager.java:255)
[03:22:48] [Server thread/INFO] (Minecraft) [STDERR]: 	at net.minecraft.server.network.ServerPlayerInteractionManager.finishMining(ServerPlayerInteractionManager.java:228)
[03:22:48] [Server thread/INFO] (Minecraft) [STDERR]: 	at net.minecraft.server.network.ServerPlayerInteractionManager.processBlockBreakingAction(ServerPlayerInteractionManager.java:159)
[03:22:48] [Server thread/INFO] (Minecraft) [STDERR]: 	at net.minecraft.server.network.ServerPlayNetworkHandler.onPlayerAction(ServerPlayNetworkHandler.java:1062)
[03:22:48] [Server thread/INFO] (Minecraft) [STDERR]: 	at net.minecraft.network.packet.c2s.play.PlayerActionC2SPacket.apply(PlayerActionC2SPacket.java:42)
[03:22:48] [Server thread/INFO] (Minecraft) [STDERR]: 	at net.minecraft.network.packet.c2s.play.PlayerActionC2SPacket.apply(PlayerActionC2SPacket.java:8)
[03:22:48] [Server thread/INFO] (Minecraft) [STDERR]: 	at net.minecraft.network.NetworkThreadUtils.method_11072(NetworkThreadUtils.java:22)
[03:22:48] [Server thread/INFO] (Minecraft) [STDERR]: 	at net.minecraft.server.ServerTask.run(ServerTask.java:18)
[03:22:48] [Server thread/INFO] (Minecraft) [STDERR]: 	at net.minecraft.util.thread.ThreadExecutor.executeTask(ThreadExecutor.java:157)
[03:22:48] [Server thread/INFO] (Minecraft) [STDERR]: 	at net.minecraft.util.thread.ReentrantThreadExecutor.executeTask(ReentrantThreadExecutor.java:23)
[03:22:48] [Server thread/INFO] (Minecraft) [STDERR]: 	at net.minecraft.server.MinecraftServer.executeTask(MinecraftServer.java:776)
[03:22:48] [Server thread/INFO] (Minecraft) [STDERR]: 	at net.minecraft.server.MinecraftServer.executeTask(MinecraftServer.java:160)
[03:22:48] [Server thread/INFO] (Minecraft) [STDERR]: 	at net.minecraft.util.thread.ThreadExecutor.runTask(ThreadExecutor.java:131)
[03:22:48] [Server thread/INFO] (Minecraft) [STDERR]: 	at net.minecraft.server.MinecraftServer.runOneTask(MinecraftServer.java:758)
[03:22:48] [Server thread/INFO] (Minecraft) [STDERR]: 	at net.minecraft.server.MinecraftServer.runTask(MinecraftServer.java:752)
[03:22:48] [Server thread/INFO] (Minecraft) [STDERR]: 	at net.minecraft.util.thread.ThreadExecutor.runTasks(ThreadExecutor.java:140)
[03:22:48] [Server thread/INFO] (Minecraft) [STDERR]: 	at net.minecraft.server.MinecraftServer.runTasksTillTickEnd(MinecraftServer.java:737)
[03:22:48] [Server thread/INFO] (Minecraft) [STDERR]: 	at net.minecraft.server.MinecraftServer.runServer(MinecraftServer.java:669)
[03:22:48] [Server thread/INFO] (Minecraft) [STDERR]: 	at net.minecraft.server.MinecraftServer.method_29739(MinecraftServer.java:258)
[03:22:48] [Server thread/INFO] (Minecraft) [STDERR]: 	at java.base/java.lang.Thread.run(Thread.java:833)
[03:22:50] [Server thread/INFO] (Minecraft) Saving and pausing game...
[03:22:50] [Server thread/INFO] (Minecraft) Saving chunks for level 'ServerLevel[Test World]'/minecraft:overworld
[03:22:50] [Server thread/INFO] (Minecraft) Saving chunks for level 'ServerLevel[Test World]'/minecraft:the_end
[03:22:50] [Server thread/INFO] (Minecraft) Saving chunks for level 'ServerLevel[Test World]'/minecraft:the_nether
[03:23:57] [Server thread/INFO] (Minecraft) Saving and pausing game...
[03:23:57] [Server thread/INFO] (Minecraft) Saving chunks for level 'ServerLevel[Test World]'/minecraft:overworld
[03:23:57] [Server thread/INFO] (Minecraft) Saving chunks for level 'ServerLevel[Test World]'/minecraft:the_end
[03:23:57] [Server thread/INFO] (Minecraft) Saving chunks for level 'ServerLevel[Test World]'/minecraft:the_nether
[03:24:30] [Server thread/INFO] (Minecraft) Saving and pausing game...
[03:24:30] [Server thread/INFO] (Minecraft) Saving chunks for level 'ServerLevel[Test World]'/minecraft:overworld
[03:24:30] [Server thread/INFO] (Minecraft) Saving chunks for level 'ServerLevel[Test World]'/minecraft:the_end
[03:24:30] [Server thread/INFO] (Minecraft) Saving chunks for level 'ServerLevel[Test World]'/minecraft:the_nether
[03:25:02] [Server thread/INFO] (Minecraft) Saving and pausing game...
[03:25:02] [Server thread/INFO] (Minecraft) Saving chunks for level 'ServerLevel[Test World]'/minecraft:overworld
[03:25:02] [Server thread/INFO] (Minecraft) Saving chunks for level 'ServerLevel[Test World]'/minecraft:the_end
[03:25:02] [Server thread/INFO] (Minecraft) Saving chunks for level 'ServerLevel[Test World]'/minecraft:the_nether
[03:25:18] [Server thread/INFO] (Minecraft) Saving and pausing game...
[03:25:18] [Server thread/INFO] (Minecraft) Saving chunks for level 'ServerLevel[Test World]'/minecraft:overworld
[03:25:18] [Server thread/INFO] (Minecraft) Saving chunks for level 'ServerLevel[Test World]'/minecraft:the_end
[03:25:18] [Server thread/INFO] (Minecraft) Saving chunks for level 'ServerLevel[Test World]'/minecraft:the_nether
